================================================
BENCHMARK RED - INFORME TÉCNICO
================================================
Fecha: Sat Aug 30 10:27:46 PM CEST 2025
Sistema: edr-VMware-Virtual-Platform
Kernel: 6.14.0-27-generic

CONFIGURACIÓN DEL TEST
----------------------
Muestras: 3
Test 1: 50 conexiones TCP
Test 2: Transferencia 10MB via netcat
Test 3: Servidor HTTP + 10 peticiones
Test 4: 20 consultas DNS

RESULTADOS POR TEST
--------------------
Conexiones TCP:
  Sin EDR: 0.60s | Con EDR: 1.76s
  Overhead: 193.00%

Transferencia datos:
  Sin EDR: 0.13s | Con EDR: 0.31s
  Overhead: 138.00%

HTTP:
  Sin EDR: 1.75s | Con EDR: 3.66s
  Overhead: 109.00%

DNS:
  Sin EDR: 0.97s | Con EDR: 2.31s
  Overhead: 138.00%

RESULTADO TOTAL
---------------
Tiempo sin EDR:             3.51 segundos
Tiempo con EDR:             8.25 segundos
Overhead temporal:          135.00%

MÉTRICAS DE CPU
---------------
Collector (eBPF):           0.28%
Detector (Python):          22.88%
Total EDR:                  23.16%



ARCHIVOS GENERADOS
------------------
Tiempos: benchmark_results/network/*/time_*.txt
CPU: benchmark_results/network/*/cpu_*.csv
Resumen: benchmark_results/network/summary.txt
================================================
